<?xml version="1.0" encoding="UTF-8" standalone="no"?>
<testsuite errors="0" failures="0" name="io.cucumber.core.plugin.JUnitFormatter" skipped="0" tests="1" time="0.286">
    <testcase classname="Test feature" name="Testing demo" time="0.1">
        <system-out><![CDATA[Given I want to test this...................................................passed
When I got this.............................................................passed
Then I get this.............................................................passed
]]></system-out>
    </testcase>
</testsuite>
