<?xml version="1.0" encoding="UTF-8"?>
<testng-results skipped="0" failed="0" ignored="0" total="0" passed="0">
  <reporter-output>
  </reporter-output>
  <suite name="com.LMS.APIAutomation.testCasesRunner.TestCaseRunner" duration-ms="28" started-at="2022-06-07T06:56:43Z" finished-at="2022-06-07T06:56:43Z">
    <groups>
    </groups>
    <test name="Command line test" duration-ms="28" started-at="2022-06-07T06:56:43Z" finished-at="2022-06-07T06:56:43Z">
    </test> <!-- Command line test -->
  </suite> <!-- com.LMS.APIAutomation.testCasesRunner.TestCaseRunner -->
</testng-results>
